<?xml version="1.0" encoding="UTF-8"?>
<!-- Generated by org.testng.reporters.JUnitReportReporter -->
<testsuite hostname="BLT0007-PC" name="Jenkins.BasicTest" tests="1" failures="0" timestamp="29 Apr 2016 00:43:46 GMT" time="35.713" errors="0">
  <testcase name="f" time="35.713" classname="Jenkins.BasicTest"/>
</testsuite> <!-- Jenkins.BasicTest -->
